<?xml version="1.0" encoding="UTF-8"?>
<testng-results ignored="0" total="1" passed="0" failed="1" skipped="0">
  <reporter-output>
  </reporter-output>
  <suite started-at="2023-01-19T11:21:49 IST" name="Default suite" finished-at="2023-01-19T11:23:11 IST" duration-ms="82073">
    <groups>
    </groups>
    <test started-at="2023-01-19T11:21:49 IST" name="Default test" finished-at="2023-01-19T11:23:11 IST" duration-ms="82073">
      <class name="runner.SampleTest">
        <test-method is-config="true" signature="setUp()[pri:0, instance:runner.SampleTest@7fa98a66]" started-at="2023-01-19T11:21:49 IST" name="setUp" finished-at="2023-01-19T11:21:49 IST" duration-ms="382" status="PASS">
          <reporter-output>
          </reporter-output>
        </test-method> <!-- setUp -->
        <test-method is-config="true" signature="initizeDriver()[pri:0, instance:runner.SampleTest@7fa98a66]" started-at="2023-01-19T11:21:49 IST" name="initizeDriver" finished-at="2023-01-19T11:22:09 IST" duration-ms="19762" status="PASS">
          <reporter-output>
          </reporter-output>
        </test-method> <!-- initizeDriver -->
        <test-method signature="SearchMobilesTest()[pri:0, instance:runner.SampleTest@7fa98a66]" started-at="2023-01-19T11:22:09 IST" name="SearchMobilesTest" finished-at="2023-01-19T11:23:11 IST" duration-ms="61624" status="FAIL">
          <exception class="org.openqa.selenium.NoSuchElementException">
            <message>
              <![CDATA[An element could not be located on the page using the given search parameters.
For documentation on this error, please visit: https://www.seleniumhq.org/exceptions/no_such_element.html
Build info: version: '3.141.59', revision: 'e82be7d358', time: '2018-11-14T08:17:03'
System info: host: 'LAPTOP-KDSNQ81I', ip: '192.168.115.187', os.name: 'Windows 10', os.arch: 'amd64', os.version: '10.0', java.version: '17.0.1'
Driver info: io.appium.java_client.AppiumDriver
Capabilities {appActivity: com.flipkart.android.Splash..., appPackage: com.flipkart.android, databaseEnabled: false, desired: {appActivity: com.flipkart.android.Splash..., appPackage: com.flipkart.android, deviceName: realme_8, newCommandTimeout: 120, platformName: android, platformVersion: 12.0, udid: SCC6BYZPEUY989GI}, deviceApiLevel: 31, deviceManufacturer: realme, deviceModel: RMX3085, deviceName: SCC6BYZPEUY989GI, deviceScreenDensity: 480, deviceScreenSize: 1080x2400, deviceUDID: SCC6BYZPEUY989GI, javascriptEnabled: true, locationContextEnabled: false, networkConnectionEnabled: true, newCommandTimeout: 120, pixelRatio: 3, platform: LINUX, platformName: Android, platformVersion: 12, statBarHeight: 110, takesScreenshot: true, udid: SCC6BYZPEUY989GI, viewportRect: {height: 2132, left: 0, top: 110, width: 1080}, warnings: {}, webStorageEnabled: false}
Session ID: 2e129260-17af-4f76-b236-a22eea2cf478
*** Element info: {Using=xpath, value=//*[@class='android.widget.EditText']}]]>
            </message>
            <full-stacktrace>
              <![CDATA[org.openqa.selenium.NoSuchElementException: An element could not be located on the page using the given search parameters.
For documentation on this error, please visit: https://www.seleniumhq.org/exceptions/no_such_element.html
Build info: version: '3.141.59', revision: 'e82be7d358', time: '2018-11-14T08:17:03'
System info: host: 'LAPTOP-KDSNQ81I', ip: '192.168.115.187', os.name: 'Windows 10', os.arch: 'amd64', os.version: '10.0', java.version: '17.0.1'
Driver info: io.appium.java_client.AppiumDriver
Capabilities {appActivity: com.flipkart.android.Splash..., appPackage: com.flipkart.android, databaseEnabled: false, desired: {appActivity: com.flipkart.android.Splash..., appPackage: com.flipkart.android, deviceName: realme_8, newCommandTimeout: 120, platformName: android, platformVersion: 12.0, udid: SCC6BYZPEUY989GI}, deviceApiLevel: 31, deviceManufacturer: realme, deviceModel: RMX3085, deviceName: SCC6BYZPEUY989GI, deviceScreenDensity: 480, deviceScreenSize: 1080x2400, deviceUDID: SCC6BYZPEUY989GI, javascriptEnabled: true, locationContextEnabled: false, networkConnectionEnabled: true, newCommandTimeout: 120, pixelRatio: 3, platform: LINUX, platformName: Android, platformVersion: 12, statBarHeight: 110, takesScreenshot: true, udid: SCC6BYZPEUY989GI, viewportRect: {height: 2132, left: 0, top: 110, width: 1080}, warnings: {}, webStorageEnabled: false}
Session ID: 2e129260-17af-4f76-b236-a22eea2cf478
*** Element info: {Using=xpath, value=//*[@class='android.widget.EditText']}
at java.base/jdk.internal.reflect.NativeConstructorAccessorImpl.newInstance0(Native Method)
at java.base/jdk.internal.reflect.NativeConstructorAccessorImpl.newInstance(NativeConstructorAccessorImpl.java:77)
at java.base/jdk.internal.reflect.DelegatingConstructorAccessorImpl.newInstance(DelegatingConstructorAccessorImpl.java:45)
at java.base/java.lang.reflect.Constructor.newInstanceWithCaller(Constructor.java:499)
at java.base/java.lang.reflect.Constructor.newInstance(Constructor.java:480)
at org.openqa.selenium.remote.http.W3CHttpResponseCodec.createException(W3CHttpResponseCodec.java:187)
at org.openqa.selenium.remote.http.W3CHttpResponseCodec.decode(W3CHttpResponseCodec.java:122)
at org.openqa.selenium.remote.http.W3CHttpResponseCodec.decode(W3CHttpResponseCodec.java:49)
at org.openqa.selenium.remote.HttpCommandExecutor.execute(HttpCommandExecutor.java:158)
at io.appium.java_client.remote.AppiumCommandExecutor.execute(AppiumCommandExecutor.java:239)
at org.openqa.selenium.remote.RemoteWebDriver.execute(RemoteWebDriver.java:552)
at io.appium.java_client.DefaultGenericMobileDriver.execute(DefaultGenericMobileDriver.java:41)
at io.appium.java_client.AppiumDriver.execute(AppiumDriver.java:1)
at org.openqa.selenium.remote.RemoteWebDriver.findElement(RemoteWebDriver.java:323)
at io.appium.java_client.DefaultGenericMobileDriver.findElement(DefaultGenericMobileDriver.java:61)
at io.appium.java_client.AppiumDriver.findElement(AppiumDriver.java:1)
at org.openqa.selenium.remote.RemoteWebDriver.findElementByXPath(RemoteWebDriver.java:428)
at io.appium.java_client.DefaultGenericMobileDriver.findElementByXPath(DefaultGenericMobileDriver.java:151)
at io.appium.java_client.AppiumDriver.findElementByXPath(AppiumDriver.java:1)
at reusable.WebUtils.locatorGenerator(WebUtils.java:49)
at reusable.WebUtils.enterText(WebUtils.java:113)
at runner.SampleTest.SearchMobilesTest(SampleTest.java:26)
at java.base/jdk.internal.reflect.NativeMethodAccessorImpl.invoke0(Native Method)
at java.base/jdk.internal.reflect.NativeMethodAccessorImpl.invoke(NativeMethodAccessorImpl.java:77)
at java.base/jdk.internal.reflect.DelegatingMethodAccessorImpl.invoke(DelegatingMethodAccessorImpl.java:43)
at java.base/java.lang.reflect.Method.invoke(Method.java:568)
at org.testng.internal.MethodInvocationHelper.invokeMethod(MethodInvocationHelper.java:133)
at org.testng.internal.TestInvoker.invokeMethod(TestInvoker.java:598)
at org.testng.internal.TestInvoker.invokeTestMethod(TestInvoker.java:173)
at org.testng.internal.MethodRunner.runInSequence(MethodRunner.java:46)
at org.testng.internal.TestInvoker$MethodInvocationAgent.invoke(TestInvoker.java:824)
at org.testng.internal.TestInvoker.invokeTestMethods(TestInvoker.java:146)
at org.testng.internal.TestMethodWorker.invokeTestMethods(TestMethodWorker.java:146)
at org.testng.internal.TestMethodWorker.run(TestMethodWorker.java:128)
at java.base/java.util.ArrayList.forEach(ArrayList.java:1511)
at org.testng.TestRunner.privateRun(TestRunner.java:794)
at org.testng.TestRunner.run(TestRunner.java:596)
at org.testng.SuiteRunner.runTest(SuiteRunner.java:377)
at org.testng.SuiteRunner.runSequentially(SuiteRunner.java:371)
at org.testng.SuiteRunner.privateRun(SuiteRunner.java:332)
at org.testng.SuiteRunner.run(SuiteRunner.java:276)
at org.testng.SuiteRunnerWorker.runSuite(SuiteRunnerWorker.java:53)
at org.testng.SuiteRunnerWorker.run(SuiteRunnerWorker.java:96)
at org.testng.TestNG.runSuitesSequentially(TestNG.java:1212)
at org.testng.TestNG.runSuitesLocally(TestNG.java:1134)
at org.testng.TestNG.runSuites(TestNG.java:1063)
at org.testng.TestNG.run(TestNG.java:1031)
at org.testng.remote.AbstractRemoteTestNG.run(AbstractRemoteTestNG.java:115)
at org.testng.remote.RemoteTestNG.initAndRun(RemoteTestNG.java:251)
at org.testng.remote.RemoteTestNG.main(RemoteTestNG.java:77)
]]>
            </full-stacktrace>
          </exception> <!-- org.openqa.selenium.NoSuchElementException -->
          <reporter-output>
          </reporter-output>
        </test-method> <!-- SearchMobilesTest -->
        <test-method is-config="true" signature="closeSession(org.testng.ITestResult)[pri:0, instance:runner.SampleTest@7fa98a66]" started-at="2023-01-19T11:23:11 IST" name="closeSession" finished-at="2023-01-19T11:23:11 IST" duration-ms="641" status="PASS">
          <params>
            <param index="0">
              <value>
                <![CDATA[[TestResult name=SearchMobilesTest status=FAILURE method=SampleTest.SearchMobilesTest()[pri:0, instance:runner.SampleTest@7fa98a66] output={null}]]]>
              </value>
            </param>
          </params>
          <reporter-output>
          </reporter-output>
        </test-method> <!-- closeSession -->
        <test-method is-config="true" signature="tearDown()[pri:0, instance:runner.SampleTest@7fa98a66]" started-at="2023-01-19T11:23:11 IST" name="tearDown" finished-at="2023-01-19T11:23:12 IST" duration-ms="480" status="PASS">
          <reporter-output>
          </reporter-output>
        </test-method> <!-- tearDown -->
      </class> <!-- runner.SampleTest -->
    </test> <!-- Default test -->
  </suite> <!-- Default suite -->
</testng-results>
